2019-12-28 15:40:08.221361: 22 233 TAG: 1
2019-12-28 15:40:20.079040: sss sfssf TAG: -1
2019-12-28 15:44:03.483818: cxcx cxcx TAG: -1
2019-12-28 15:44:07.264034: 1 2 TAG: -1
2019-12-28 15:45:21.645288: 1 2 TAG: 0
2019-12-28 15:45:26.206549: 44343 43434 TAG: 0
2019-12-28 15:45:40.814385: 3444243342 5456456456564565656 TAG: 1
2019-12-28 15:45:54.902190: bvvbvbvb  TAG: -1
2019-12-28 15:45:56.595287:   TAG: -1
2019-12-28 16:53:29.355092: 1 2 TAG: 0
2019-12-28 16:53:34.633394: 123 4343 TAG: 1
2019-12-28 16:53:38.769630: 44422 244242 TAG: 1
2019-12-28 16:53:43.091877: 2442442 42424242 TAG: 1
2019-12-28 16:53:47.202113: 42424242 244424 TAG: 0
2019-12-28 16:53:54.817548: rrr rwrw TAG: -1
2019-12-28 16:54:14.617681: 1 2 TAG: 0
2019-12-28 16:54:23.822207: 1222 4444 TAG: 0
2019-12-28 16:58:57.189843:   TAG: -1
2019-12-28 16:59:03.613210: 1233 4334 TAG: 0
2019-12-28 16:59:22.051265: 2334 4444 TAG: 0
2019-12-28 17:44:13.874228: 1233 1113331 TAG: 1
2019-12-28 17:44:17.944461: 131331 31313113 TAG: 1
2019-12-28 17:44:26.584955: 133131 13311313 TAG: 1
2019-12-28 17:48:53.892244:   TAG: -1
2019-12-28 17:50:20.914222: 12 12 TAG: 0
2019-12-28 17:54:18.867832: 12 12 TAG: 0
2019-12-28 18:09:25.356680: 12 33 TAG: 0
2019-12-28 18:09:30.305963: 123 12 TAG: 0
2019-12-28 18:10:42.637100: 123 657574 TAG: 1
2019-12-28 18:13:17.591963: 123 444554 TAG: 1
